[2015-06-18 17:27:50] [ INFO] [AbstractMethodTest.java (341)] 	Set	1	1000	1024	2020.033047498253	0.495041406
[2015-06-18 17:27:51] [ INFO] [AbstractMethodTest.java (341)] 	Set	1	1000	1024	3595.663807792727	0.278112764
[2015-06-18 17:27:52] [ INFO] [AbstractMethodTest.java (341)] 	Set	1	1000	1024	3080.1687787106766	0.324657534
[2015-06-18 17:27:53] [ INFO] [AbstractMethodTest.java (341)] 	Set	1	1000	1024	3591.6414056948893	0.278424232
[2015-06-18 17:27:54] [ INFO] [AbstractMethodTest.java (341)] 	Set	1	1000	1024	3283.4514669919386	0.30455757
[2015-06-18 17:27:55] [ INFO] [AbstractMethodTest.java (341)] 	Set	1	2000	1024	5214.365444354314	0.1917778895
[2015-06-18 17:27:56] [ INFO] [AbstractMethodTest.java (341)] 	Set	1	2000	1024	5425.407931336037	0.1843179375
[2015-06-18 17:27:57] [ INFO] [AbstractMethodTest.java (341)] 	Set	1	2000	1024	5503.763717171346	0.1816938465
[2015-06-18 17:27:58] [ INFO] [AbstractMethodTest.java (341)] 	Set	1	2000	1024	10472.812779625738	0.0954853315
[2015-06-18 17:27:59] [ INFO] [AbstractMethodTest.java (341)] 	Set	1	2000	1024	10548.608886380196	0.09479923
[2015-06-18 17:28:00] [ INFO] [AbstractMethodTest.java (341)] 	Set	1	3000	1024	11471.41754455577	0.08717318466666668
[2015-06-18 17:28:01] [ INFO] [AbstractMethodTest.java (341)] 	Set	1	3000	1024	11883.287907550777	0.08415179433333334
[2015-06-18 17:28:02] [ INFO] [AbstractMethodTest.java (341)] 	Set	1	3000	1024	12237.26120891724	0.08171763133333333
[2015-06-18 17:28:03] [ INFO] [AbstractMethodTest.java (341)] 	Set	1	3000	1024	11554.86669377541	0.08654362066666665
[2015-06-18 17:28:04] [ INFO] [AbstractMethodTest.java (341)] 	Set	1	3000	1024	12653.787009558986	0.07902772500000001
[2015-06-18 17:28:05] [ INFO] [AbstractMethodTest.java (341)] 	Set	1	4000	1024	13120.454096817019	0.07621687425
[2015-06-18 17:28:06] [ INFO] [AbstractMethodTest.java (341)] 	Set	1	4000	1024	12908.903850272593	0.07746591125
[2015-06-18 17:28:07] [ INFO] [AbstractMethodTest.java (341)] 	Set	1	4000	1024	13205.938593052442	0.07572350824999999
[2015-06-18 17:28:08] [ INFO] [AbstractMethodTest.java (341)] 	Set	1	4000	1024	13085.783161238438	0.07641881175000001
[2015-06-18 17:28:09] [ INFO] [AbstractMethodTest.java (341)] 	Set	1	4000	1024	15553.265060772865	0.06429518149999999
[2015-06-18 17:28:10] [ INFO] [AbstractMethodTest.java (341)] 	Set	1	5000	1024	14333.211025177014	0.06976803720000001
[2015-06-18 17:28:11] [ INFO] [AbstractMethodTest.java (341)] 	Set	1	5000	1024	14633.720978455774	0.0683353196
[2015-06-18 17:28:12] [ INFO] [AbstractMethodTest.java (341)] 	Set	1	5000	1024	14830.561619516788	0.06742832979999999
[2015-06-18 17:28:13] [ INFO] [AbstractMethodTest.java (341)] 	Set	1	5000	1024	14762.42369484032	0.0677395542
[2015-06-18 17:28:14] [ INFO] [AbstractMethodTest.java (341)] 	Set	1	5000	1024	13199.594200123653	0.0757599048
[2015-06-18 17:28:15] [ INFO] [AbstractMethodTest.java (341)] 	Set	1	1000	2048	8457.93821652058	0.118232124
[2015-06-18 17:28:16] [ INFO] [AbstractMethodTest.java (341)] 	Set	1	1000	2048	7814.827231128095	0.127961882
[2015-06-18 17:28:17] [ INFO] [AbstractMethodTest.java (341)] 	Set	1	1000	2048	7428.191487188562	0.13462227
[2015-06-18 17:28:18] [ INFO] [AbstractMethodTest.java (341)] 	Set	1	1000	2048	7991.166053609713	0.125138183
[2015-06-18 17:28:19] [ INFO] [AbstractMethodTest.java (341)] 	Set	1	1000	2048	8281.817598251198	0.12074644100000001
[2015-06-18 17:28:20] [ INFO] [AbstractMethodTest.java (341)] 	Set	1	2000	2048	9408.77103418384	0.1062838065
[2015-06-18 17:28:21] [ INFO] [AbstractMethodTest.java (341)] 	Set	1	2000	2048	9904.481379664147	0.100964398
[2015-06-18 17:28:22] [ INFO] [AbstractMethodTest.java (341)] 	Set	1	2000	2048	7858.100495785634	0.127257217
[2015-06-18 17:28:23] [ INFO] [AbstractMethodTest.java (341)] 	Set	1	2000	2048	10288.368355522223	0.097197142
[2015-06-18 17:28:24] [ INFO] [AbstractMethodTest.java (341)] 	Set	1	2000	2048	10615.880915166856	0.0941984945
[2015-06-18 17:28:25] [ INFO] [AbstractMethodTest.java (341)] 	Set	1	3000	2048	10829.39581013925	0.09234125500000001
[2015-06-18 17:28:26] [ INFO] [AbstractMethodTest.java (341)] 	Set	1	3000	2048	11491.44724332304	0.087021241
[2015-06-18 17:28:27] [ INFO] [AbstractMethodTest.java (341)] 	Set	1	3000	2048	10854.321934651476	0.09212920033333334
[2015-06-18 17:28:28] [ INFO] [AbstractMethodTest.java (341)] 	Set	1	3000	2048	11628.768722593826	0.085993627
[2015-06-18 17:28:29] [ INFO] [AbstractMethodTest.java (341)] 	Set	1	3000	2048	7687.135216126791	0.13008747366666668
[2015-06-18 17:28:30] [ INFO] [AbstractMethodTest.java (341)] 	Set	1	4000	2048	13559.335777089482	0.07374992525
[2015-06-18 17:28:31] [ INFO] [AbstractMethodTest.java (341)] 	Set	1	4000	2048	11667.543419355437	0.08570784475000001
[2015-06-18 17:28:33] [ INFO] [AbstractMethodTest.java (341)] 	Set	1	4000	2048	6619.175165982685	0.1510762255
[2015-06-18 17:28:34] [ INFO] [AbstractMethodTest.java (341)] 	Set	1	4000	2048	11011.047695214707	0.09081787925000001
[2015-06-18 17:28:35] [ INFO] [AbstractMethodTest.java (341)] 	Set	1	4000	2048	12387.226036095999	0.08072832425
[2015-06-18 17:28:36] [ INFO] [AbstractMethodTest.java (341)] 	Set	1	5000	2048	12923.501162253107	0.0773784122
[2015-06-18 17:28:37] [ INFO] [AbstractMethodTest.java (341)] 	Set	1	5000	2048	12865.55496349701	0.077726923
[2015-06-18 17:28:38] [ INFO] [AbstractMethodTest.java (341)] 	Set	1	5000	2048	12960.765249202206	0.07715593800000001
[2015-06-18 17:28:39] [ INFO] [AbstractMethodTest.java (341)] 	Set	1	5000	2048	14199.228569543076	0.0704263612
[2015-06-18 17:28:40] [ INFO] [AbstractMethodTest.java (341)] 	Set	1	5000	2048	12941.3992605828	0.077271397
[2015-06-18 17:28:41] [ INFO] [AbstractMethodTest.java (341)] 	Set	2	1000	1024	6643.749760534345	0.150517409
[2015-06-18 17:28:42] [ INFO] [AbstractMethodTest.java (341)] 	Set	2	1000	1024	7610.58068133168	0.1313960185
[2015-06-18 17:28:43] [ INFO] [AbstractMethodTest.java (341)] 	Set	2	1000	1024	8046.405357721537	0.124279098
[2015-06-18 17:28:44] [ INFO] [AbstractMethodTest.java (341)] 	Set	2	1000	1024	7908.168199841688	0.126451534
[2015-06-18 17:28:45] [ INFO] [AbstractMethodTest.java (341)] 	Set	2	1000	1024	9864.030163967505	0.101378441
[2015-06-18 17:28:46] [ INFO] [AbstractMethodTest.java (341)] 	Set	2	2000	1024	7897.777626781044	0.12661789774999999
[2015-06-18 17:28:47] [ INFO] [AbstractMethodTest.java (341)] 	Set	2	2000	1024	10438.193755954957	0.09580201549999999
[2015-06-18 17:28:48] [ INFO] [AbstractMethodTest.java (341)] 	Set	2	2000	1024	10401.088923282863	0.0961437795
[2015-06-18 17:28:49] [ INFO] [AbstractMethodTest.java (341)] 	Set	2	2000	1024	10570.855365286267	0.094599724
[2015-06-18 17:28:50] [ INFO] [AbstractMethodTest.java (341)] 	Set	2	2000	1024	10197.47299379008	0.0980635105
[2015-06-18 17:28:51] [ INFO] [AbstractMethodTest.java (341)] 	Set	2	3000	1024	11994.818550251573	0.08336933116666666
[2015-06-18 17:28:52] [ INFO] [AbstractMethodTest.java (341)] 	Set	2	3000	1024	11277.973109139257	0.088668415
[2015-06-18 17:28:53] [ INFO] [AbstractMethodTest.java (341)] 	Set	2	3000	1024	9049.718679313919	0.11050067250000001
[2015-06-18 17:28:54] [ INFO] [AbstractMethodTest.java (341)] 	Set	2	3000	1024	12068.729410584196	0.08285876383333333
[2015-06-18 17:28:55] [ INFO] [AbstractMethodTest.java (341)] 	Set	2	3000	1024	5365.869519261635	0.1863630855
[2015-06-18 17:28:56] [ INFO] [AbstractMethodTest.java (341)] 	Set	2	4000	1024	10591.70120404182	0.0944135395
[2015-06-18 17:28:57] [ INFO] [AbstractMethodTest.java (341)] 	Set	2	4000	1024	9179.677016208225	0.108936294625
[2015-06-18 17:28:58] [ INFO] [AbstractMethodTest.java (341)] 	Set	2	4000	1024	12449.769498586997	0.08032277225
[2015-06-18 17:28:59] [ INFO] [AbstractMethodTest.java (341)] 	Set	2	4000	1024	10491.38523310487	0.095316297875
[2015-06-18 17:29:00] [ INFO] [AbstractMethodTest.java (341)] 	Set	2	4000	1024	11701.675358700377	0.0854578485
[2015-06-18 17:29:02] [ INFO] [AbstractMethodTest.java (341)] 	Set	2	5000	1024	8304.78030138468	0.1204125773
[2015-06-18 17:29:03] [ INFO] [AbstractMethodTest.java (341)] 	Set	2	5000	1024	12644.9632016713	0.0790828715
[2015-06-18 17:29:04] [ INFO] [AbstractMethodTest.java (341)] 	Set	2	5000	1024	11166.89108451284	0.0895504391
[2015-06-18 17:29:05] [ INFO] [AbstractMethodTest.java (341)] 	Set	2	5000	1024	11462.706201719175	0.0872394339
[2015-06-18 17:29:06] [ INFO] [AbstractMethodTest.java (341)] 	Set	2	5000	1024	12796.935041919527	0.07814371149999999
[2015-06-18 17:29:07] [ INFO] [AbstractMethodTest.java (341)] 	Set	2	1000	2048	7582.198279830467	0.13188787249999998
[2015-06-18 17:29:08] [ INFO] [AbstractMethodTest.java (341)] 	Set	2	1000	2048	8053.633526831812	0.124167557
[2015-06-18 17:29:09] [ INFO] [AbstractMethodTest.java (341)] 	Set	2	1000	2048	11616.021827898938	0.0860879925
[2015-06-18 17:29:10] [ INFO] [AbstractMethodTest.java (341)] 	Set	2	1000	2048	8024.422554729149	0.12461955899999999
[2015-06-18 17:29:11] [ INFO] [AbstractMethodTest.java (341)] 	Set	2	1000	2048	8218.748872105134	0.1216730205
[2015-06-18 17:29:12] [ INFO] [AbstractMethodTest.java (341)] 	Set	2	2000	2048	11810.217005149405	0.08467244925
[2015-06-18 17:29:13] [ INFO] [AbstractMethodTest.java (341)] 	Set	2	2000	2048	9531.785926525396	0.10491213375
[2015-06-18 17:29:14] [ INFO] [AbstractMethodTest.java (341)] 	Set	2	2000	2048	9212.976124936285	0.1085425585
[2015-06-18 17:29:15] [ INFO] [AbstractMethodTest.java (341)] 	Set	2	2000	2048	11899.40441041548	0.0840378195
[2015-06-18 17:29:16] [ INFO] [AbstractMethodTest.java (341)] 	Set	2	2000	2048	9294.435362296568	0.10759125874999999
[2015-06-18 17:29:17] [ INFO] [AbstractMethodTest.java (341)] 	Set	2	3000	2048	10375.89850049832	0.09637719566666668
[2015-06-18 17:29:18] [ INFO] [AbstractMethodTest.java (341)] 	Set	2	3000	2048	11058.684549935777	0.09042666833333333
[2015-06-18 17:29:19] [ INFO] [AbstractMethodTest.java (341)] 	Set	2	3000	2048	10320.317774555846	0.09689624116666666
[2015-06-18 17:29:20] [ INFO] [AbstractMethodTest.java (341)] 	Set	2	3000	2048	9793.703007742008	0.10210642483333333
[2015-06-18 17:29:21] [ INFO] [AbstractMethodTest.java (341)] 	Set	2	3000	2048	11874.758818700577	0.08421223666666666
[2015-06-18 17:29:22] [ INFO] [AbstractMethodTest.java (341)] 	Set	2	4000	2048	10716.94588990443	0.093310166
[2015-06-18 17:29:24] [ INFO] [AbstractMethodTest.java (341)] 	Set	2	4000	2048	9849.810447354368	0.10152479637499999
[2015-06-18 17:29:25] [ INFO] [AbstractMethodTest.java (341)] 	Set	2	4000	2048	6434.720138614039	0.155406914125
[2015-06-18 17:29:27] [ INFO] [AbstractMethodTest.java (341)] 	Set	2	4000	2048	4434.995745142694	0.22547935949999998
[2015-06-18 17:29:28] [ INFO] [AbstractMethodTest.java (341)] 	Set	2	4000	2048	8792.93260216391	0.113727699875
[2015-06-18 17:29:29] [ INFO] [AbstractMethodTest.java (341)] 	Set	2	5000	2048	6339.244723201124	0.1577474989
[2015-06-18 17:29:30] [ INFO] [AbstractMethodTest.java (341)] 	Set	2	5000	2048	12035.616335054305	0.0830867296
[2015-06-18 17:29:31] [ INFO] [AbstractMethodTest.java (341)] 	Set	2	5000	2048	13611.09431804541	0.0734694784
[2015-06-18 17:29:33] [ INFO] [AbstractMethodTest.java (341)] 	Set	2	5000	2048	6830.735836625838	0.1463971121
[2015-06-18 17:29:35] [ INFO] [AbstractMethodTest.java (341)] 	Set	2	5000	2048	4128.965626895031	0.24219140830000002
[2015-06-18 17:29:40] [ INFO] [AbstractMethodTest.java (341)] 	Get	1	1000	1024	275.06444066682434	3.635511728
[2015-06-18 17:29:41] [ INFO] [AbstractMethodTest.java (341)] 	Get	1	1000	1024	8002.810907303081	0.124956095
[2015-06-18 17:29:42] [ INFO] [AbstractMethodTest.java (341)] 	Get	1	1000	1024	8519.645266848453	0.117375779
[2015-06-18 17:29:43] [ INFO] [AbstractMethodTest.java (341)] 	Get	1	1000	1024	8699.993697724565	0.114942612
[2015-06-18 17:29:44] [ INFO] [AbstractMethodTest.java (341)] 	Get	1	1000	1024	10314.0433322046	0.096955187
[2015-06-18 17:29:45] [ INFO] [AbstractMethodTest.java (341)] 	Get	1	2000	1024	11206.017487954008	0.089237769
[2015-06-18 17:29:46] [ INFO] [AbstractMethodTest.java (341)] 	Get	1	2000	1024	11155.827323656616	0.0896392505
[2015-06-18 17:29:47] [ INFO] [AbstractMethodTest.java (341)] 	Get	1	2000	1024	10529.287985802855	0.0949731835
[2015-06-18 17:29:48] [ INFO] [AbstractMethodTest.java (341)] 	Get	1	2000	1024	16458.6214620753	0.060758429999999995
[2015-06-18 17:29:49] [ INFO] [AbstractMethodTest.java (341)] 	Get	1	2000	1024	17406.316311809755	0.0574504095
[2015-06-18 17:29:50] [ INFO] [AbstractMethodTest.java (341)] 	Get	1	3000	1024	12043.784794218267	0.08303037766666667
[2015-06-18 17:29:51] [ INFO] [AbstractMethodTest.java (341)] 	Get	1	3000	1024	14837.392490294156	0.067397287
[2015-06-18 17:29:52] [ INFO] [AbstractMethodTest.java (341)] 	Get	1	3000	1024	12305.032653762612	0.08126756166666667
[2015-06-18 17:29:53] [ INFO] [AbstractMethodTest.java (341)] 	Get	1	3000	1024	11553.972034904735	0.086550322
[2015-06-18 17:29:54] [ INFO] [AbstractMethodTest.java (341)] 	Get	1	3000	1024	15166.917079208495	0.06593297733333334
[2015-06-18 17:29:55] [ INFO] [AbstractMethodTest.java (341)] 	Get	1	4000	1024	12104.45958582552	0.08261417975
[2015-06-18 17:29:56] [ INFO] [AbstractMethodTest.java (341)] 	Get	1	4000	1024	13097.809140598189	0.0763486465
[2015-06-18 17:29:57] [ INFO] [AbstractMethodTest.java (341)] 	Get	1	4000	1024	15986.2378954105	0.0625538045
[2015-06-18 17:29:58] [ INFO] [AbstractMethodTest.java (341)] 	Get	1	4000	1024	11875.597275742735	0.08420629099999999
[2015-06-18 17:29:59] [ INFO] [AbstractMethodTest.java (341)] 	Get	1	4000	1024	12095.978992671364	0.08267210124999999
[2015-06-18 17:30:00] [ INFO] [AbstractMethodTest.java (341)] 	Get	1	5000	1024	16301.286639362772	0.061344851000000006
[2015-06-18 17:30:01] [ INFO] [AbstractMethodTest.java (341)] 	Get	1	5000	1024	14392.437913757405	0.069480932
[2015-06-18 17:30:02] [ INFO] [AbstractMethodTest.java (341)] 	Get	1	5000	1024	13597.645009719217	0.07354214640000001
[2015-06-18 17:30:03] [ INFO] [AbstractMethodTest.java (341)] 	Get	1	5000	1024	16327.247998201025	0.0612473088
[2015-06-18 17:30:04] [ INFO] [AbstractMethodTest.java (341)] 	Get	1	5000	1024	14182.665469725343	0.070508608
[2015-06-18 17:30:05] [ INFO] [AbstractMethodTest.java (341)] 	Get	1	1000	2048	9365.18663065665	0.10677843799999999
[2015-06-18 17:30:06] [ INFO] [AbstractMethodTest.java (341)] 	Get	1	1000	2048	12289.08353459063	0.08137303300000001
[2015-06-18 17:30:07] [ INFO] [AbstractMethodTest.java (341)] 	Get	1	1000	2048	9593.65020085458	0.104235612
[2015-06-18 17:30:08] [ INFO] [AbstractMethodTest.java (341)] 	Get	1	1000	2048	9590.173616571183	0.104273399
[2015-06-18 17:30:09] [ INFO] [AbstractMethodTest.java (341)] 	Get	1	1000	2048	12330.40757422412	0.08110031999999999
[2015-06-18 17:30:10] [ INFO] [AbstractMethodTest.java (341)] 	Get	1	2000	2048	10554.61142504073	0.0947453165
[2015-06-18 17:30:11] [ INFO] [AbstractMethodTest.java (341)] 	Get	1	2000	2048	9558.628375253837	0.10461752049999999
[2015-06-18 17:30:12] [ INFO] [AbstractMethodTest.java (341)] 	Get	1	2000	2048	14699.52524061359	0.068029408
[2015-06-18 17:30:13] [ INFO] [AbstractMethodTest.java (341)] 	Get	1	2000	2048	10038.766554220936	0.0996138315
[2015-06-18 17:30:14] [ INFO] [AbstractMethodTest.java (341)] 	Get	1	2000	2048	10888.827138350187	0.09183725549999999
[2015-06-18 17:30:15] [ INFO] [AbstractMethodTest.java (341)] 	Get	1	3000	2048	15825.58842663324	0.06318880366666667
[2015-06-18 17:30:16] [ INFO] [AbstractMethodTest.java (341)] 	Get	1	3000	2048	11448.183060202138	0.08735010566666666
[2015-06-18 17:30:17] [ INFO] [AbstractMethodTest.java (341)] 	Get	1	3000	2048	11859.468008063159	0.08432081433333334
[2015-06-18 17:30:18] [ INFO] [AbstractMethodTest.java (341)] 	Get	1	3000	2048	15791.446534559951	0.06332542099999999
[2015-06-18 17:30:19] [ INFO] [AbstractMethodTest.java (341)] 	Get	1	3000	2048	11216.641973167048	0.08915324233333333
[2015-06-18 17:30:20] [ INFO] [AbstractMethodTest.java (341)] 	Get	1	4000	2048	12843.298189927522	0.07786161975
[2015-06-18 17:30:21] [ INFO] [AbstractMethodTest.java (341)] 	Get	1	4000	2048	16171.356087714277	0.061837733
[2015-06-18 17:30:22] [ INFO] [AbstractMethodTest.java (341)] 	Get	1	4000	2048	17932.073869044387	0.055765998250000004
[2015-06-18 17:30:23] [ INFO] [AbstractMethodTest.java (341)] 	Get	1	4000	2048	12263.920563912972	0.08153999325
[2015-06-18 17:30:24] [ INFO] [AbstractMethodTest.java (341)] 	Get	1	4000	2048	16317.004944558324	0.061285756999999996
[2015-06-18 17:30:25] [ INFO] [AbstractMethodTest.java (341)] 	Get	1	5000	2048	13915.328980293736	0.07186319499999999
[2015-06-18 17:30:26] [ INFO] [AbstractMethodTest.java (341)] 	Get	1	5000	2048	13794.074094460695	0.0724948984
[2015-06-18 17:30:27] [ INFO] [AbstractMethodTest.java (341)] 	Get	1	5000	2048	16796.83711525879	0.059535018
[2015-06-18 17:30:28] [ INFO] [AbstractMethodTest.java (341)] 	Get	1	5000	2048	14001.33728452565	0.0714217492
[2015-06-18 17:30:29] [ INFO] [AbstractMethodTest.java (341)] 	Get	1	5000	2048	13055.33365042302	0.0765970466
[2015-06-18 17:30:30] [ INFO] [AbstractMethodTest.java (341)] 	Get	2	1000	1024	11982.916267832774	0.0834521395
[2015-06-18 17:30:31] [ INFO] [AbstractMethodTest.java (341)] 	Get	2	1000	1024	8845.14950664321	0.113056314
[2015-06-18 17:30:32] [ INFO] [AbstractMethodTest.java (341)] 	Get	2	1000	1024	10043.489565253745	0.0995669875
[2015-06-18 17:30:33] [ INFO] [AbstractMethodTest.java (341)] 	Get	2	1000	1024	13657.309945745448	0.0732208615
[2015-06-18 17:30:34] [ INFO] [AbstractMethodTest.java (341)] 	Get	2	1000	1024	9900.06929454502	0.101009394
[2015-06-18 17:30:35] [ INFO] [AbstractMethodTest.java (341)] 	Get	2	2000	1024	11556.736294461942	0.08652961999999999
[2015-06-18 17:30:36] [ INFO] [AbstractMethodTest.java (341)] 	Get	2	2000	1024	15167.017164426114	0.06593254225
[2015-06-18 17:30:37] [ INFO] [AbstractMethodTest.java (341)] 	Get	2	2000	1024	11386.24530636196	0.087825264
[2015-06-18 17:30:38] [ INFO] [AbstractMethodTest.java (341)] 	Get	2	2000	1024	11416.014171771498	0.08759624725000001
[2015-06-18 17:30:39] [ INFO] [AbstractMethodTest.java (341)] 	Get	2	2000	1024	15173.423621070937	0.0659047045
[2015-06-18 17:30:40] [ INFO] [AbstractMethodTest.java (341)] 	Get	2	3000	1024	12001.519152294297	0.083322785
[2015-06-18 17:30:41] [ INFO] [AbstractMethodTest.java (341)] 	Get	2	3000	1024	13105.931271369303	0.076301331
[2015-06-18 17:30:42] [ INFO] [AbstractMethodTest.java (341)] 	Get	2	3000	1024	15449.016511360407	0.0647290395
[2015-06-18 17:30:43] [ INFO] [AbstractMethodTest.java (341)] 	Get	2	3000	1024	12142.70168591881	0.0823539955
[2015-06-18 17:30:44] [ INFO] [AbstractMethodTest.java (341)] 	Get	2	3000	1024	12476.308192534712	0.0801519155
[2015-06-18 17:30:45] [ INFO] [AbstractMethodTest.java (341)] 	Get	2	4000	1024	15641.788863563681	0.063931306625
[2015-06-18 17:30:46] [ INFO] [AbstractMethodTest.java (341)] 	Get	2	4000	1024	12984.078416666425	0.077017403
[2015-06-18 17:30:47] [ INFO] [AbstractMethodTest.java (341)] 	Get	2	4000	1024	13196.080177621483	0.075780079125
[2015-06-18 17:30:48] [ INFO] [AbstractMethodTest.java (341)] 	Get	2	4000	1024	15657.0356710897	0.063869050375
[2015-06-18 17:30:49] [ INFO] [AbstractMethodTest.java (341)] 	Get	2	4000	1024	13190.65124596435	0.07581126825
[2015-06-18 17:30:50] [ INFO] [AbstractMethodTest.java (341)] 	Get	2	5000	1024	13498.48049292401	0.0740824125
[2015-06-18 17:30:51] [ INFO] [AbstractMethodTest.java (341)] 	Get	2	5000	1024	15586.351838444645	0.0641586954
[2015-06-18 17:30:52] [ INFO] [AbstractMethodTest.java (341)] 	Get	2	5000	1024	13655.89767173759	0.0732284339
[2015-06-18 17:30:53] [ INFO] [AbstractMethodTest.java (341)] 	Get	2	5000	1024	13379.181254367066	0.0747429892
[2015-06-18 17:30:54] [ INFO] [AbstractMethodTest.java (341)] 	Get	2	5000	1024	15648.477900408916	0.06390397880000001
[2015-06-18 17:30:55] [ INFO] [AbstractMethodTest.java (341)] 	Get	2	1000	2048	10043.2481346851	0.09956938100000001
[2015-06-18 17:30:56] [ INFO] [AbstractMethodTest.java (341)] 	Get	2	1000	2048	9965.44213871463	0.100346777
[2015-06-18 17:30:57] [ INFO] [AbstractMethodTest.java (341)] 	Get	2	1000	2048	15281.139384368584	0.06544014649999999
[2015-06-18 17:30:58] [ INFO] [AbstractMethodTest.java (341)] 	Get	2	1000	2048	9991.961167481926	0.100080453
[2015-06-18 17:30:59] [ INFO] [AbstractMethodTest.java (341)] 	Get	2	1000	2048	10367.12718741524	0.0964587375
[2015-06-18 17:31:00] [ INFO] [AbstractMethodTest.java (341)] 	Get	2	2000	2048	16132.157668465712	0.06198798825
[2015-06-18 17:31:01] [ INFO] [AbstractMethodTest.java (341)] 	Get	2	2000	2048	11821.444504624791	0.08459203100000001
[2015-06-18 17:31:02] [ INFO] [AbstractMethodTest.java (341)] 	Get	2	2000	2048	12418.220700138849	0.08052683425
[2015-06-18 17:31:03] [ INFO] [AbstractMethodTest.java (341)] 	Get	2	2000	2048	16395.511884379015	0.06099230125
[2015-06-18 17:31:04] [ INFO] [AbstractMethodTest.java (341)] 	Get	2	2000	2048	13240.25811433025	0.0755272285
[2015-06-18 17:31:05] [ INFO] [AbstractMethodTest.java (341)] 	Get	2	3000	2048	12423.232729766929	0.0804943465
[2015-06-18 17:31:06] [ INFO] [AbstractMethodTest.java (341)] 	Get	2	3000	2048	16450.91199619997	0.0607869035
[2015-06-18 17:31:07] [ INFO] [AbstractMethodTest.java (341)] 	Get	2	3000	2048	12408.783087229043	0.08058807966666667
[2015-06-18 17:31:08] [ INFO] [AbstractMethodTest.java (341)] 	Get	2	3000	2048	12868.460981095497	0.07770937033333333
[2015-06-18 17:31:09] [ INFO] [AbstractMethodTest.java (341)] 	Get	2	3000	2048	16503.921632976566	0.0605916595
[2015-06-18 17:31:10] [ INFO] [AbstractMethodTest.java (341)] 	Get	2	4000	2048	12952.317408311748	0.077206261125
[2015-06-18 17:31:11] [ INFO] [AbstractMethodTest.java (341)] 	Get	2	4000	2048	13258.819365148072	0.075421496625
[2015-06-18 17:31:12] [ INFO] [AbstractMethodTest.java (341)] 	Get	2	4000	2048	16013.566693702905	0.06244705
[2015-06-18 17:31:13] [ INFO] [AbstractMethodTest.java (341)] 	Get	2	4000	2048	13368.823571550101	0.07480089737500001
[2015-06-18 17:31:14] [ INFO] [AbstractMethodTest.java (341)] 	Get	2	4000	2048	13587.876564984534	0.0735950165
[2015-06-18 17:31:15] [ INFO] [AbstractMethodTest.java (341)] 	Get	2	5000	2048	16052.857281698305	0.0622942061
[2015-06-18 17:31:16] [ INFO] [AbstractMethodTest.java (341)] 	Get	2	5000	2048	12958.816386496928	0.07716754140000001
[2015-06-18 17:31:17] [ INFO] [AbstractMethodTest.java (341)] 	Get	2	5000	2048	13724.199071868099	0.072863997
[2015-06-18 17:31:18] [ INFO] [AbstractMethodTest.java (341)] 	Get	2	5000	2048	15721.106192684432	0.06360875549999999
[2015-06-18 17:31:19] [ INFO] [AbstractMethodTest.java (341)] 	Get	2	5000	2048	13454.899027764066	0.0743223712
[2015-06-18 17:31:20] [ INFO] [AbstractMethodTest.java (341)] 	Get	4	1000	1024	7369.884676818415	0.1356873335
[2015-06-18 17:31:21] [ INFO] [AbstractMethodTest.java (341)] 	Get	4	1000	1024	11690.023958002701	0.08554302400000001
[2015-06-18 17:31:22] [ INFO] [AbstractMethodTest.java (341)] 	Get	4	1000	1024	7694.896965945219	0.129956256
[2015-06-18 17:31:23] [ INFO] [AbstractMethodTest.java (341)] 	Get	4	1000	1024	7711.746394839533	0.129672314
[2015-06-18 17:31:24] [ INFO] [AbstractMethodTest.java (341)] 	Get	4	1000	1024	11497.692632981933	0.08697397225
[2015-06-18 17:31:25] [ INFO] [AbstractMethodTest.java (341)] 	Get	4	2000	1024	9049.520481689777	0.110503092625
[2015-06-18 17:31:26] [ INFO] [AbstractMethodTest.java (341)] 	Get	4	2000	1024	8897.579421637385	0.112390117875
[2015-06-18 17:31:27] [ INFO] [AbstractMethodTest.java (341)] 	Get	4	2000	1024	10779.732855555452	0.092766677375
[2015-06-18 17:31:28] [ INFO] [AbstractMethodTest.java (341)] 	Get	4	2000	1024	8768.083616233176	0.11405000724999999
[2015-06-18 17:31:29] [ INFO] [AbstractMethodTest.java (341)] 	Get	4	2000	1024	8486.918012090353	0.1178284035
[2015-06-18 17:31:30] [ INFO] [AbstractMethodTest.java (341)] 	Get	4	3000	1024	10823.534128703324	0.09239126408333334
[2015-06-18 17:31:31] [ INFO] [AbstractMethodTest.java (341)] 	Get	4	3000	1024	8959.65299144502	0.11161146541666667
[2015-06-18 17:31:32] [ INFO] [AbstractMethodTest.java (341)] 	Get	4	3000	1024	9897.058859842886	0.10104011850000001
[2015-06-18 17:31:33] [ INFO] [AbstractMethodTest.java (341)] 	Get	4	3000	1024	10704.514394606264	0.09341853008333334
[2015-06-18 17:31:34] [ INFO] [AbstractMethodTest.java (341)] 	Get	4	3000	1024	9321.206284461052	0.10728225183333333
[2015-06-18 17:31:35] [ INFO] [AbstractMethodTest.java (341)] 	Get	4	4000	1024	9692.46334767725	0.10317294625
[2015-06-18 17:31:36] [ INFO] [AbstractMethodTest.java (341)] 	Get	4	4000	1024	11336.908506789308	0.08820746850000001
[2015-06-18 17:31:37] [ INFO] [AbstractMethodTest.java (341)] 	Get	4	4000	1024	9921.976122280765	0.10078637437499999
[2015-06-18 17:31:38] [ INFO] [AbstractMethodTest.java (341)] 	Get	4	4000	1024	10058.725739034839	0.0994161711875
[2015-06-18 17:31:39] [ INFO] [AbstractMethodTest.java (341)] 	Get	4	4000	1024	11375.89518341185	0.08790517
[2015-06-18 17:31:40] [ INFO] [AbstractMethodTest.java (341)] 	Get	4	5000	1024	10262.888022913696	0.0974384596
[2015-06-18 17:31:41] [ INFO] [AbstractMethodTest.java (341)] 	Get	4	5000	1024	9996.916815895602	0.10003084135
[2015-06-18 17:31:42] [ INFO] [AbstractMethodTest.java (341)] 	Get	4	5000	1024	10570.871920035148	0.09459957584999999
[2015-06-18 17:31:43] [ INFO] [AbstractMethodTest.java (341)] 	Get	4	5000	1024	11381.459774911043	0.08786219165
[2015-06-18 17:31:44] [ INFO] [AbstractMethodTest.java (341)] 	Get	4	5000	1024	10427.858169925199	0.0958969698
[2015-06-18 17:31:45] [ INFO] [AbstractMethodTest.java (341)] 	Get	4	1000	2048	7878.607921833117	0.126925976
[2015-06-18 17:31:46] [ INFO] [AbstractMethodTest.java (341)] 	Get	4	1000	2048	11732.21788724267	0.08523537575000001
[2015-06-18 17:31:47] [ INFO] [AbstractMethodTest.java (341)] 	Get	4	1000	2048	7545.8034229318755	0.13252399299999998
[2015-06-18 17:31:48] [ INFO] [AbstractMethodTest.java (341)] 	Get	4	1000	2048	8646.069110287022	0.1156594965
[2015-06-18 17:31:49] [ INFO] [AbstractMethodTest.java (341)] 	Get	4	1000	2048	10416.019598574156	0.09600596375
[2015-06-18 17:31:50] [ INFO] [AbstractMethodTest.java (341)] 	Get	4	2000	2048	8594.9943730452	0.116346789375
[2015-06-18 17:31:51] [ INFO] [AbstractMethodTest.java (341)] 	Get	4	2000	2048	8694.288588151756	0.11501803625
[2015-06-18 17:31:52] [ INFO] [AbstractMethodTest.java (341)] 	Get	4	2000	2048	10979.236407090833	0.091081015375
[2015-06-18 17:31:53] [ INFO] [AbstractMethodTest.java (341)] 	Get	4	2000	2048	8510.596070829708	0.117500583
[2015-06-18 17:31:54] [ INFO] [AbstractMethodTest.java (341)] 	Get	4	2000	2048	8192.786876674367	0.12205858825
[2015-06-18 17:31:55] [ INFO] [AbstractMethodTest.java (341)] 	Get	4	3000	2048	11641.842668529207	0.085897055
[2015-06-18 17:31:56] [ INFO] [AbstractMethodTest.java (341)] 	Get	4	3000	2048	9869.11409006683	0.10132621741666666
[2015-06-18 17:31:57] [ INFO] [AbstractMethodTest.java (341)] 	Get	4	3000	2048	9319.048657555744	0.10730709075
[2015-06-18 17:31:58] [ INFO] [AbstractMethodTest.java (341)] 	Get	4	3000	2048	11677.981686951136	0.0856312355
[2015-06-18 17:31:59] [ INFO] [AbstractMethodTest.java (341)] 	Get	4	3000	2048	9478.928692237518	0.10549715400000001
[2015-06-18 17:32:00] [ INFO] [AbstractMethodTest.java (341)] 	Get	4	4000	2048	9744.834107370074	0.1026184734375
[2015-06-18 17:32:01] [ INFO] [AbstractMethodTest.java (341)] 	Get	4	4000	2048	11281.197975852157	0.08864306806250001
[2015-06-18 17:32:02] [ INFO] [AbstractMethodTest.java (341)] 	Get	4	4000	2048	9918.495138145854	0.10082174625000001
[2015-06-18 17:32:03] [ INFO] [AbstractMethodTest.java (341)] 	Get	4	4000	2048	9726.486920304891	0.102812043875
[2015-06-18 17:32:04] [ INFO] [AbstractMethodTest.java (341)] 	Get	4	4000	2048	11445.07704453186	0.087373811125
[2015-06-18 17:32:06] [ INFO] [AbstractMethodTest.java (341)] 	Get	4	5000	2048	9871.906718979244	0.1012975536
[2015-06-18 17:32:07] [ INFO] [AbstractMethodTest.java (341)] 	Get	4	5000	2048	10568.78428530466	0.09461826195
[2015-06-18 17:32:08] [ INFO] [AbstractMethodTest.java (341)] 	Get	4	5000	2048	10211.689956456037	0.0979269841
[2015-06-18 17:32:09] [ INFO] [AbstractMethodTest.java (341)] 	Get	4	5000	2048	11478.765169449312	0.0871173846
[2015-06-18 17:32:10] [ INFO] [AbstractMethodTest.java (341)] 	Get	4	5000	2048	10564.541040177432	0.09465626535
